<?xml version="1.0" encoding="UTF-8"?>
<!-- Generated by org.testng.reporters.JUnitReportReporter -->
<testsuite skipped="0" hostname="DESKTOP-GK3I1F8" name="ThirdRound.ThirdMaven.SampleProgram1" tests="1" failures="0" timestamp="17 Jul 2019 08:08:48 GMT" time="0.009" errors="0">
  <testcase name="f" time="0.009" classname="ThirdRound.ThirdMaven.SampleProgram1"/>
</testsuite> <!-- ThirdRound.ThirdMaven.SampleProgram1 -->
