<?xml version="1.0" encoding="UTF-8"?>
<!-- Generated by org.testng.reporters.JUnitReportReporter -->
<testsuite skipped="0" hostname="DESKTOP-GK3I1F8" name="ThirdRound.ThirdMaven.Login" tests="1" failures="0" timestamp="18 Jul 2019 07:35:25 GMT" time="3.306" errors="0">
  <testcase name="login" time="3.306" classname="ThirdRound.ThirdMaven.Login"/>
</testsuite> <!-- ThirdRound.ThirdMaven.Login -->
